  MinersWifeOwnedStates.cpp
c:\users\user\desktop\canada\cours\ia\travaux\travail1\westworldwithmessaging\misc\consoleutils.h(31): warning C4996: 'kbhit': The POSIX name for this item is deprecated. Instead, use the ISO C and C++ conformant name: _kbhit. See online help for details.
  c:\program files (x86)\windows kits\10\include\10.0.10240.0\ucrt\conio.h(458): note: voir la déclaration de 'kbhit'
  MinersWife.cpp
c:\users\user\desktop\canada\cours\ia\travaux\travail1\westworldwithmessaging\misc\consoleutils.h(31): warning C4996: 'kbhit': The POSIX name for this item is deprecated. Instead, use the ISO C and C++ conformant name: _kbhit. See online help for details.
  c:\program files (x86)\windows kits\10\include\10.0.10240.0\ucrt\conio.h(458): note: voir la déclaration de 'kbhit'
  MinerOwnedStates.cpp
c:\users\user\desktop\canada\cours\ia\travaux\travail1\westworldwithmessaging\misc\consoleutils.h(31): warning C4996: 'kbhit': The POSIX name for this item is deprecated. Instead, use the ISO C and C++ conformant name: _kbhit. See online help for details.
  c:\program files (x86)\windows kits\10\include\10.0.10240.0\ucrt\conio.h(458): note: voir la déclaration de 'kbhit'
  Miner.cpp
c:\users\user\desktop\canada\cours\ia\travaux\travail1\westworldwithmessaging\misc\consoleutils.h(31): warning C4996: 'kbhit': The POSIX name for this item is deprecated. Instead, use the ISO C and C++ conformant name: _kbhit. See online help for details.
  c:\program files (x86)\windows kits\10\include\10.0.10240.0\ucrt\conio.h(458): note: voir la déclaration de 'kbhit'
  MessageDispatcher.cpp
c:\users\user\desktop\canada\cours\ia\travaux\travail1\westworldwithmessaging\misc\consoleutils.h(31): warning C4996: 'kbhit': The POSIX name for this item is deprecated. Instead, use the ISO C and C++ conformant name: _kbhit. See online help for details.
  c:\program files (x86)\windows kits\10\include\10.0.10240.0\ucrt\conio.h(458): note: voir la déclaration de 'kbhit'
  HunterOwnedStates.cpp
c:\users\user\desktop\canada\cours\ia\travaux\travail1\westworldwithmessaging\misc\consoleutils.h(31): warning C4996: 'kbhit': The POSIX name for this item is deprecated. Instead, use the ISO C and C++ conformant name: _kbhit. See online help for details.
  c:\program files (x86)\windows kits\10\include\10.0.10240.0\ucrt\conio.h(458): note: voir la déclaration de 'kbhit'
  Hunter.cpp
c:\users\user\desktop\canada\cours\ia\travaux\travail1\westworldwithmessaging\misc\consoleutils.h(31): warning C4996: 'kbhit': The POSIX name for this item is deprecated. Instead, use the ISO C and C++ conformant name: _kbhit. See online help for details.
  c:\program files (x86)\windows kits\10\include\10.0.10240.0\ucrt\conio.h(458): note: voir la déclaration de 'kbhit'
  EntityManager.cpp
  BaseGameEntity.cpp
  CrudeTimer.cpp
  Génération de code en cours...
CrudeTimer.obj : warning LNK4075: ' /EDITANDCONTINUE' ignoré à cause de la spécification '/SAFESEH'
  WestWorldWithMessaging.vcxproj -> C:\Users\user\Desktop\CANADA\COURS\IA\Travaux\travail1\WestWorldWithMessaging\.\Debug\WestWorldWithMessaging.exe
  WestWorldWithMessaging.vcxproj -> .\Debug\WestWorldWithMessaging.pdb (Full PDB)
